<?xml version="1.0" encoding="UTF-8"?>
<testsuite name="JUnitMySql" tests="3" skipped="0" failures="0" errors="0" timestamp="2023-11-10T16:50:39" hostname="DESKTOP-VHE1ENP" time="0.357">
  <properties/>
  <testcase name="testFindAll()" classname="JUnitMySql" time="0.296"/>
  <testcase name="testSave()" classname="JUnitMySql" time="0.036"/>
  <testcase name="testFindById()" classname="JUnitMySql" time="0.023"/>
  <system-out><![CDATA[]]></system-out>
  <system-err><![CDATA[]]></system-err>
</testsuite>
